[0.470s] Invoking command in '/home/rohamzn/Digital-Twin-of-a-Traffic-Scene-Using-RSU-and-AWSIM/src/pcap_to_pointcloud2_publisher_py': CONDA_PROMPT_MODIFIER=(base) PYTHONPATH=/home/rohamzn/Digital-Twin-of-a-Traffic-Scene-Using-RSU-and-AWSIM/build/pcap_to_pointcloud2_publisher_py/prefix_override:/home/rohamzn/Digital-Twin-of-a-Traffic-Scene-Using-RSU-and-AWSIM/install/pcap_to_pointcloud2_publisher_py/lib/python3.10/site-packages:${PYTHONPATH} /usr/bin/python3 setup.py egg_info --egg-base ../../build/pcap_to_pointcloud2_publisher_py build --build-base /home/rohamzn/Digital-Twin-of-a-Traffic-Scene-Using-RSU-and-AWSIM/build/pcap_to_pointcloud2_publisher_py/build install --record /home/rohamzn/Digital-Twin-of-a-Traffic-Scene-Using-RSU-and-AWSIM/build/pcap_to_pointcloud2_publisher_py/install.log --single-version-externally-managed
[0.608s] running egg_info
[0.609s] writing ../../build/pcap_to_pointcloud2_publisher_py/pcap_to_pointcloud2_publisher_py.egg-info/PKG-INFO
[0.609s] writing dependency_links to ../../build/pcap_to_pointcloud2_publisher_py/pcap_to_pointcloud2_publisher_py.egg-info/dependency_links.txt
[0.609s] writing entry points to ../../build/pcap_to_pointcloud2_publisher_py/pcap_to_pointcloud2_publisher_py.egg-info/entry_points.txt
[0.609s] writing requirements to ../../build/pcap_to_pointcloud2_publisher_py/pcap_to_pointcloud2_publisher_py.egg-info/requires.txt
[0.609s] writing top-level names to ../../build/pcap_to_pointcloud2_publisher_py/pcap_to_pointcloud2_publisher_py.egg-info/top_level.txt
[0.611s] reading manifest file '../../build/pcap_to_pointcloud2_publisher_py/pcap_to_pointcloud2_publisher_py.egg-info/SOURCES.txt'
[0.611s] writing manifest file '../../build/pcap_to_pointcloud2_publisher_py/pcap_to_pointcloud2_publisher_py.egg-info/SOURCES.txt'
[0.611s] running build
[0.611s] running build_py
[0.611s] copying pcap_to_pointcloud2_publisher_py/pcap_to_ros_publisher.py -> /home/rohamzn/Digital-Twin-of-a-Traffic-Scene-Using-RSU-and-AWSIM/build/pcap_to_pointcloud2_publisher_py/build/lib/pcap_to_pointcloud2_publisher_py
[0.611s] running install
[0.611s] /usr/lib/python3/dist-packages/setuptools/command/install.py:34: SetuptoolsDeprecationWarning: setup.py install is deprecated. Use build and pip and other standards-based tools.
[0.611s]   warnings.warn(
[0.611s] running install_lib
[0.612s] copying /home/rohamzn/Digital-Twin-of-a-Traffic-Scene-Using-RSU-and-AWSIM/build/pcap_to_pointcloud2_publisher_py/build/lib/pcap_to_pointcloud2_publisher_py/pcap_to_ros_publisher.py -> /home/rohamzn/Digital-Twin-of-a-Traffic-Scene-Using-RSU-and-AWSIM/install/pcap_to_pointcloud2_publisher_py/lib/python3.10/site-packages/pcap_to_pointcloud2_publisher_py
[0.612s] byte-compiling /home/rohamzn/Digital-Twin-of-a-Traffic-Scene-Using-RSU-and-AWSIM/install/pcap_to_pointcloud2_publisher_py/lib/python3.10/site-packages/pcap_to_pointcloud2_publisher_py/pcap_to_ros_publisher.py to pcap_to_ros_publisher.cpython-310.pyc
[0.613s] running install_data
[0.613s] running install_egg_info
[0.614s] removing '/home/rohamzn/Digital-Twin-of-a-Traffic-Scene-Using-RSU-and-AWSIM/install/pcap_to_pointcloud2_publisher_py/lib/python3.10/site-packages/pcap_to_pointcloud2_publisher_py-0.0.0-py3.10.egg-info' (and everything under it)
[0.614s] Copying ../../build/pcap_to_pointcloud2_publisher_py/pcap_to_pointcloud2_publisher_py.egg-info to /home/rohamzn/Digital-Twin-of-a-Traffic-Scene-Using-RSU-and-AWSIM/install/pcap_to_pointcloud2_publisher_py/lib/python3.10/site-packages/pcap_to_pointcloud2_publisher_py-0.0.0-py3.10.egg-info
[0.615s] running install_scripts
[0.625s] Installing pcap_to_ros_publisher script to /home/rohamzn/Digital-Twin-of-a-Traffic-Scene-Using-RSU-and-AWSIM/install/pcap_to_pointcloud2_publisher_py/lib/pcap_to_pointcloud2_publisher_py
[0.625s] writing list of installed files to '/home/rohamzn/Digital-Twin-of-a-Traffic-Scene-Using-RSU-and-AWSIM/build/pcap_to_pointcloud2_publisher_py/install.log'
[0.639s] Invoked command in '/home/rohamzn/Digital-Twin-of-a-Traffic-Scene-Using-RSU-and-AWSIM/src/pcap_to_pointcloud2_publisher_py' returned '0': CONDA_PROMPT_MODIFIER=(base) PYTHONPATH=/home/rohamzn/Digital-Twin-of-a-Traffic-Scene-Using-RSU-and-AWSIM/build/pcap_to_pointcloud2_publisher_py/prefix_override:/home/rohamzn/Digital-Twin-of-a-Traffic-Scene-Using-RSU-and-AWSIM/install/pcap_to_pointcloud2_publisher_py/lib/python3.10/site-packages:${PYTHONPATH} /usr/bin/python3 setup.py egg_info --egg-base ../../build/pcap_to_pointcloud2_publisher_py build --build-base /home/rohamzn/Digital-Twin-of-a-Traffic-Scene-Using-RSU-and-AWSIM/build/pcap_to_pointcloud2_publisher_py/build install --record /home/rohamzn/Digital-Twin-of-a-Traffic-Scene-Using-RSU-and-AWSIM/build/pcap_to_pointcloud2_publisher_py/install.log --single-version-externally-managed
