[0.793s] DEBUG:colcon:Command line arguments: ['/usr/bin/colcon', 'list', '-p', '--base-paths', '/home/rohamzn/Digital-Twin-of-a-Traffic-Scene-Using-RSU-and-AWSIM']
[0.793s] DEBUG:colcon:Parsed command line arguments: Namespace(log_base=None, log_level=None, verb_name='list', build_base='build', ignore_user_meta=False, metas=['./colcon.meta'], base_paths=['/home/rohamzn/Digital-Twin-of-a-Traffic-Scene-Using-RSU-and-AWSIM'], packages_ignore=None, packages_ignore_regex=None, paths=None, packages_up_to=None, packages_up_to_regex=None, packages_above=None, packages_above_and_dependencies=None, packages_above_depth=None, packages_select_by_dep=None, packages_skip_by_dep=None, packages_skip_up_to=None, packages_select_build_failed=False, packages_skip_build_finished=False, packages_select_test_failures=False, packages_skip_test_passed=False, packages_select=None, packages_skip=None, packages_select_regex=None, packages_skip_regex=None, packages_start=None, packages_end=None, allow_overriding=[], topological_order=False, names_only=False, paths_only=True, topological_graph=False, topological_graph_dot=False, topological_graph_density=False, topological_graph_legend=False, topological_graph_dot_cluster=False, topological_graph_dot_include_skipped=False, mixin_files=None, mixin=None, verb_parser=<colcon_mixin.mixin.mixin_argument.MixinArgumentDecorator object at 0x7f8848f5e470>, verb_extension=<colcon_package_information.verb.list.ListVerb object at 0x7f8848f54220>, main=<bound method ListVerb.main of <colcon_package_information.verb.list.ListVerb object at 0x7f8848f54220>>, mixin_verb=('list',))
[0.828s] Level 1:colcon.colcon_core.package_discovery:discover_packages(colcon_meta) check parameters
[0.828s] Level 1:colcon.colcon_core.package_discovery:discover_packages(recursive) check parameters
[0.828s] Level 1:colcon.colcon_core.package_discovery:discover_packages(ignore) check parameters
[0.828s] Level 1:colcon.colcon_core.package_discovery:discover_packages(path) check parameters
[0.828s] Level 1:colcon.colcon_core.package_discovery:discover_packages(recursive) discover
[0.828s] INFO:colcon.colcon_core.package_discovery:Crawling recursively for packages in '/home/rohamzn/Digital-Twin-of-a-Traffic-Scene-Using-RSU-and-AWSIM'
[0.828s] Level 1:colcon.colcon_core.package_identification:_identify(/home/rohamzn/Digital-Twin-of-a-Traffic-Scene-Using-RSU-and-AWSIM) by extensions ['ignore', 'ignore_ament_install']
[0.828s] Level 1:colcon.colcon_core.package_identification:_identify(/home/rohamzn/Digital-Twin-of-a-Traffic-Scene-Using-RSU-and-AWSIM) by extension 'ignore'
[0.828s] Level 1:colcon.colcon_core.package_identification:_identify(/home/rohamzn/Digital-Twin-of-a-Traffic-Scene-Using-RSU-and-AWSIM) by extension 'ignore_ament_install'
[0.828s] Level 1:colcon.colcon_core.package_identification:_identify(/home/rohamzn/Digital-Twin-of-a-Traffic-Scene-Using-RSU-and-AWSIM) by extensions ['colcon_pkg']
[0.828s] Level 1:colcon.colcon_core.package_identification:_identify(/home/rohamzn/Digital-Twin-of-a-Traffic-Scene-Using-RSU-and-AWSIM) by extension 'colcon_pkg'
[0.828s] Level 1:colcon.colcon_core.package_identification:_identify(/home/rohamzn/Digital-Twin-of-a-Traffic-Scene-Using-RSU-and-AWSIM) by extensions ['colcon_meta']
[0.828s] Level 1:colcon.colcon_core.package_identification:_identify(/home/rohamzn/Digital-Twin-of-a-Traffic-Scene-Using-RSU-and-AWSIM) by extension 'colcon_meta'
[0.828s] Level 1:colcon.colcon_core.package_identification:_identify(/home/rohamzn/Digital-Twin-of-a-Traffic-Scene-Using-RSU-and-AWSIM) by extensions ['ros']
[0.828s] Level 1:colcon.colcon_core.package_identification:_identify(/home/rohamzn/Digital-Twin-of-a-Traffic-Scene-Using-RSU-and-AWSIM) by extension 'ros'
[0.841s] Level 1:colcon.colcon_core.package_identification:_identify(/home/rohamzn/Digital-Twin-of-a-Traffic-Scene-Using-RSU-and-AWSIM) by extensions ['cmake', 'python']
[0.841s] Level 1:colcon.colcon_core.package_identification:_identify(/home/rohamzn/Digital-Twin-of-a-Traffic-Scene-Using-RSU-and-AWSIM) by extension 'cmake'
[0.841s] Level 1:colcon.colcon_core.package_identification:_identify(/home/rohamzn/Digital-Twin-of-a-Traffic-Scene-Using-RSU-and-AWSIM) by extension 'python'
[0.841s] Level 1:colcon.colcon_core.package_identification:_identify(/home/rohamzn/Digital-Twin-of-a-Traffic-Scene-Using-RSU-and-AWSIM) by extensions ['python_setup_py']
[0.841s] Level 1:colcon.colcon_core.package_identification:_identify(/home/rohamzn/Digital-Twin-of-a-Traffic-Scene-Using-RSU-and-AWSIM) by extension 'python_setup_py'
[0.841s] Level 1:colcon.colcon_core.package_identification:_identify(/home/rohamzn/Digital-Twin-of-a-Traffic-Scene-Using-RSU-and-AWSIM/build) by extensions ['ignore', 'ignore_ament_install']
[0.841s] Level 1:colcon.colcon_core.package_identification:_identify(/home/rohamzn/Digital-Twin-of-a-Traffic-Scene-Using-RSU-and-AWSIM/build) by extension 'ignore'
[0.841s] Level 1:colcon.colcon_core.package_identification:_identify(/home/rohamzn/Digital-Twin-of-a-Traffic-Scene-Using-RSU-and-AWSIM/build) ignored
[0.841s] Level 1:colcon.colcon_core.package_identification:_identify(/home/rohamzn/Digital-Twin-of-a-Traffic-Scene-Using-RSU-and-AWSIM/install) by extensions ['ignore', 'ignore_ament_install']
[0.841s] Level 1:colcon.colcon_core.package_identification:_identify(/home/rohamzn/Digital-Twin-of-a-Traffic-Scene-Using-RSU-and-AWSIM/install) by extension 'ignore'
[0.841s] Level 1:colcon.colcon_core.package_identification:_identify(/home/rohamzn/Digital-Twin-of-a-Traffic-Scene-Using-RSU-and-AWSIM/install) ignored
[0.842s] Level 1:colcon.colcon_core.package_identification:_identify(/home/rohamzn/Digital-Twin-of-a-Traffic-Scene-Using-RSU-and-AWSIM/log) by extensions ['ignore', 'ignore_ament_install']
[0.842s] Level 1:colcon.colcon_core.package_identification:_identify(/home/rohamzn/Digital-Twin-of-a-Traffic-Scene-Using-RSU-and-AWSIM/log) by extension 'ignore'
[0.842s] Level 1:colcon.colcon_core.package_identification:_identify(/home/rohamzn/Digital-Twin-of-a-Traffic-Scene-Using-RSU-and-AWSIM/log) ignored
[0.842s] Level 1:colcon.colcon_core.package_identification:_identify(/home/rohamzn/Digital-Twin-of-a-Traffic-Scene-Using-RSU-and-AWSIM/src) by extensions ['ignore', 'ignore_ament_install']
[0.842s] Level 1:colcon.colcon_core.package_identification:_identify(/home/rohamzn/Digital-Twin-of-a-Traffic-Scene-Using-RSU-and-AWSIM/src) by extension 'ignore'
[0.842s] Level 1:colcon.colcon_core.package_identification:_identify(/home/rohamzn/Digital-Twin-of-a-Traffic-Scene-Using-RSU-and-AWSIM/src) by extension 'ignore_ament_install'
[0.842s] Level 1:colcon.colcon_core.package_identification:_identify(/home/rohamzn/Digital-Twin-of-a-Traffic-Scene-Using-RSU-and-AWSIM/src) by extensions ['colcon_pkg']
[0.842s] Level 1:colcon.colcon_core.package_identification:_identify(/home/rohamzn/Digital-Twin-of-a-Traffic-Scene-Using-RSU-and-AWSIM/src) by extension 'colcon_pkg'
[0.842s] Level 1:colcon.colcon_core.package_identification:_identify(/home/rohamzn/Digital-Twin-of-a-Traffic-Scene-Using-RSU-and-AWSIM/src) by extensions ['colcon_meta']
[0.842s] Level 1:colcon.colcon_core.package_identification:_identify(/home/rohamzn/Digital-Twin-of-a-Traffic-Scene-Using-RSU-and-AWSIM/src) by extension 'colcon_meta'
[0.842s] Level 1:colcon.colcon_core.package_identification:_identify(/home/rohamzn/Digital-Twin-of-a-Traffic-Scene-Using-RSU-and-AWSIM/src) by extensions ['ros']
[0.842s] Level 1:colcon.colcon_core.package_identification:_identify(/home/rohamzn/Digital-Twin-of-a-Traffic-Scene-Using-RSU-and-AWSIM/src) by extension 'ros'
[0.842s] Level 1:colcon.colcon_core.package_identification:_identify(/home/rohamzn/Digital-Twin-of-a-Traffic-Scene-Using-RSU-and-AWSIM/src) by extensions ['cmake', 'python']
[0.842s] Level 1:colcon.colcon_core.package_identification:_identify(/home/rohamzn/Digital-Twin-of-a-Traffic-Scene-Using-RSU-and-AWSIM/src) by extension 'cmake'
[0.842s] Level 1:colcon.colcon_core.package_identification:_identify(/home/rohamzn/Digital-Twin-of-a-Traffic-Scene-Using-RSU-and-AWSIM/src) by extension 'python'
[0.842s] Level 1:colcon.colcon_core.package_identification:_identify(/home/rohamzn/Digital-Twin-of-a-Traffic-Scene-Using-RSU-and-AWSIM/src) by extensions ['python_setup_py']
[0.842s] Level 1:colcon.colcon_core.package_identification:_identify(/home/rohamzn/Digital-Twin-of-a-Traffic-Scene-Using-RSU-and-AWSIM/src) by extension 'python_setup_py'
[0.842s] Level 1:colcon.colcon_core.package_identification:_identify(/home/rohamzn/Digital-Twin-of-a-Traffic-Scene-Using-RSU-and-AWSIM/src/digital_twin_launch) by extensions ['ignore', 'ignore_ament_install']
[0.842s] Level 1:colcon.colcon_core.package_identification:_identify(/home/rohamzn/Digital-Twin-of-a-Traffic-Scene-Using-RSU-and-AWSIM/src/digital_twin_launch) by extension 'ignore'
[0.842s] Level 1:colcon.colcon_core.package_identification:_identify(/home/rohamzn/Digital-Twin-of-a-Traffic-Scene-Using-RSU-and-AWSIM/src/digital_twin_launch) by extension 'ignore_ament_install'
[0.842s] Level 1:colcon.colcon_core.package_identification:_identify(/home/rohamzn/Digital-Twin-of-a-Traffic-Scene-Using-RSU-and-AWSIM/src/digital_twin_launch) by extensions ['colcon_pkg']
[0.842s] Level 1:colcon.colcon_core.package_identification:_identify(/home/rohamzn/Digital-Twin-of-a-Traffic-Scene-Using-RSU-and-AWSIM/src/digital_twin_launch) by extension 'colcon_pkg'
[0.842s] Level 1:colcon.colcon_core.package_identification:_identify(/home/rohamzn/Digital-Twin-of-a-Traffic-Scene-Using-RSU-and-AWSIM/src/digital_twin_launch) by extensions ['colcon_meta']
[0.842s] Level 1:colcon.colcon_core.package_identification:_identify(/home/rohamzn/Digital-Twin-of-a-Traffic-Scene-Using-RSU-and-AWSIM/src/digital_twin_launch) by extension 'colcon_meta'
[0.842s] Level 1:colcon.colcon_core.package_identification:_identify(/home/rohamzn/Digital-Twin-of-a-Traffic-Scene-Using-RSU-and-AWSIM/src/digital_twin_launch) by extensions ['ros']
[0.842s] Level 1:colcon.colcon_core.package_identification:_identify(/home/rohamzn/Digital-Twin-of-a-Traffic-Scene-Using-RSU-and-AWSIM/src/digital_twin_launch) by extension 'ros'
[0.842s] Level 1:colcon.colcon_core.package_identification:_identify(/home/rohamzn/Digital-Twin-of-a-Traffic-Scene-Using-RSU-and-AWSIM/src/digital_twin_launch) by extensions ['cmake', 'python']
[0.842s] Level 1:colcon.colcon_core.package_identification:_identify(/home/rohamzn/Digital-Twin-of-a-Traffic-Scene-Using-RSU-and-AWSIM/src/digital_twin_launch) by extension 'cmake'
[0.842s] Level 1:colcon.colcon_core.package_identification:_identify(/home/rohamzn/Digital-Twin-of-a-Traffic-Scene-Using-RSU-and-AWSIM/src/digital_twin_launch) by extension 'python'
[0.842s] Level 1:colcon.colcon_core.package_identification:_identify(/home/rohamzn/Digital-Twin-of-a-Traffic-Scene-Using-RSU-and-AWSIM/src/digital_twin_launch) by extensions ['python_setup_py']
[0.842s] Level 1:colcon.colcon_core.package_identification:_identify(/home/rohamzn/Digital-Twin-of-a-Traffic-Scene-Using-RSU-and-AWSIM/src/digital_twin_launch) by extension 'python_setup_py'
[0.842s] Level 1:colcon.colcon_core.package_identification:_identify(/home/rohamzn/Digital-Twin-of-a-Traffic-Scene-Using-RSU-and-AWSIM/src/digital_twin_launch/autoware.universe) by extensions ['ignore', 'ignore_ament_install']
[0.843s] Level 1:colcon.colcon_core.package_identification:_identify(/home/rohamzn/Digital-Twin-of-a-Traffic-Scene-Using-RSU-and-AWSIM/src/digital_twin_launch/autoware.universe) by extension 'ignore'
[0.843s] Level 1:colcon.colcon_core.package_identification:_identify(/home/rohamzn/Digital-Twin-of-a-Traffic-Scene-Using-RSU-and-AWSIM/src/digital_twin_launch/autoware.universe) by extension 'ignore_ament_install'
[0.843s] Level 1:colcon.colcon_core.package_identification:_identify(/home/rohamzn/Digital-Twin-of-a-Traffic-Scene-Using-RSU-and-AWSIM/src/digital_twin_launch/autoware.universe) by extensions ['colcon_pkg']
[0.843s] Level 1:colcon.colcon_core.package_identification:_identify(/home/rohamzn/Digital-Twin-of-a-Traffic-Scene-Using-RSU-and-AWSIM/src/digital_twin_launch/autoware.universe) by extension 'colcon_pkg'
[0.843s] Level 1:colcon.colcon_core.package_identification:_identify(/home/rohamzn/Digital-Twin-of-a-Traffic-Scene-Using-RSU-and-AWSIM/src/digital_twin_launch/autoware.universe) by extensions ['colcon_meta']
[0.843s] Level 1:colcon.colcon_core.package_identification:_identify(/home/rohamzn/Digital-Twin-of-a-Traffic-Scene-Using-RSU-and-AWSIM/src/digital_twin_launch/autoware.universe) by extension 'colcon_meta'
[0.843s] Level 1:colcon.colcon_core.package_identification:_identify(/home/rohamzn/Digital-Twin-of-a-Traffic-Scene-Using-RSU-and-AWSIM/src/digital_twin_launch/autoware.universe) by extensions ['ros']
[0.843s] Level 1:colcon.colcon_core.package_identification:_identify(/home/rohamzn/Digital-Twin-of-a-Traffic-Scene-Using-RSU-and-AWSIM/src/digital_twin_launch/autoware.universe) by extension 'ros'
[0.843s] Level 1:colcon.colcon_core.package_identification:_identify(/home/rohamzn/Digital-Twin-of-a-Traffic-Scene-Using-RSU-and-AWSIM/src/digital_twin_launch/autoware.universe) by extensions ['cmake', 'python']
[0.843s] Level 1:colcon.colcon_core.package_identification:_identify(/home/rohamzn/Digital-Twin-of-a-Traffic-Scene-Using-RSU-and-AWSIM/src/digital_twin_launch/autoware.universe) by extension 'cmake'
[0.843s] Level 1:colcon.colcon_core.package_identification:_identify(/home/rohamzn/Digital-Twin-of-a-Traffic-Scene-Using-RSU-and-AWSIM/src/digital_twin_launch/autoware.universe) by extension 'python'
[0.843s] Level 1:colcon.colcon_core.package_identification:_identify(/home/rohamzn/Digital-Twin-of-a-Traffic-Scene-Using-RSU-and-AWSIM/src/digital_twin_launch/autoware.universe) by extensions ['python_setup_py']
[0.843s] Level 1:colcon.colcon_core.package_identification:_identify(/home/rohamzn/Digital-Twin-of-a-Traffic-Scene-Using-RSU-and-AWSIM/src/digital_twin_launch/autoware.universe) by extension 'python_setup_py'
[0.843s] Level 1:colcon.colcon_core.package_identification:_identify(/home/rohamzn/Digital-Twin-of-a-Traffic-Scene-Using-RSU-and-AWSIM/src/digital_twin_launch/autoware.universe/launch) by extensions ['ignore', 'ignore_ament_install']
[0.843s] Level 1:colcon.colcon_core.package_identification:_identify(/home/rohamzn/Digital-Twin-of-a-Traffic-Scene-Using-RSU-and-AWSIM/src/digital_twin_launch/autoware.universe/launch) by extension 'ignore'
[0.843s] Level 1:colcon.colcon_core.package_identification:_identify(/home/rohamzn/Digital-Twin-of-a-Traffic-Scene-Using-RSU-and-AWSIM/src/digital_twin_launch/autoware.universe/launch) by extension 'ignore_ament_install'
[0.843s] Level 1:colcon.colcon_core.package_identification:_identify(/home/rohamzn/Digital-Twin-of-a-Traffic-Scene-Using-RSU-and-AWSIM/src/digital_twin_launch/autoware.universe/launch) by extensions ['colcon_pkg']
[0.843s] Level 1:colcon.colcon_core.package_identification:_identify(/home/rohamzn/Digital-Twin-of-a-Traffic-Scene-Using-RSU-and-AWSIM/src/digital_twin_launch/autoware.universe/launch) by extension 'colcon_pkg'
[0.843s] Level 1:colcon.colcon_core.package_identification:_identify(/home/rohamzn/Digital-Twin-of-a-Traffic-Scene-Using-RSU-and-AWSIM/src/digital_twin_launch/autoware.universe/launch) by extensions ['colcon_meta']
[0.843s] Level 1:colcon.colcon_core.package_identification:_identify(/home/rohamzn/Digital-Twin-of-a-Traffic-Scene-Using-RSU-and-AWSIM/src/digital_twin_launch/autoware.universe/launch) by extension 'colcon_meta'
[0.843s] Level 1:colcon.colcon_core.package_identification:_identify(/home/rohamzn/Digital-Twin-of-a-Traffic-Scene-Using-RSU-and-AWSIM/src/digital_twin_launch/autoware.universe/launch) by extensions ['ros']
[0.843s] Level 1:colcon.colcon_core.package_identification:_identify(/home/rohamzn/Digital-Twin-of-a-Traffic-Scene-Using-RSU-and-AWSIM/src/digital_twin_launch/autoware.universe/launch) by extension 'ros'
[0.843s] Level 1:colcon.colcon_core.package_identification:_identify(/home/rohamzn/Digital-Twin-of-a-Traffic-Scene-Using-RSU-and-AWSIM/src/digital_twin_launch/autoware.universe/launch) by extensions ['cmake', 'python']
[0.843s] Level 1:colcon.colcon_core.package_identification:_identify(/home/rohamzn/Digital-Twin-of-a-Traffic-Scene-Using-RSU-and-AWSIM/src/digital_twin_launch/autoware.universe/launch) by extension 'cmake'
[0.843s] Level 1:colcon.colcon_core.package_identification:_identify(/home/rohamzn/Digital-Twin-of-a-Traffic-Scene-Using-RSU-and-AWSIM/src/digital_twin_launch/autoware.universe/launch) by extension 'python'
[0.843s] Level 1:colcon.colcon_core.package_identification:_identify(/home/rohamzn/Digital-Twin-of-a-Traffic-Scene-Using-RSU-and-AWSIM/src/digital_twin_launch/autoware.universe/launch) by extensions ['python_setup_py']
[0.843s] Level 1:colcon.colcon_core.package_identification:_identify(/home/rohamzn/Digital-Twin-of-a-Traffic-Scene-Using-RSU-and-AWSIM/src/digital_twin_launch/autoware.universe/launch) by extension 'python_setup_py'
[0.843s] Level 1:colcon.colcon_core.package_identification:_identify(/home/rohamzn/Digital-Twin-of-a-Traffic-Scene-Using-RSU-and-AWSIM/src/digital_twin_launch/autoware.universe/launch/tier4_perception_launch) by extensions ['ignore', 'ignore_ament_install']
[0.843s] Level 1:colcon.colcon_core.package_identification:_identify(/home/rohamzn/Digital-Twin-of-a-Traffic-Scene-Using-RSU-and-AWSIM/src/digital_twin_launch/autoware.universe/launch/tier4_perception_launch) by extension 'ignore'
[0.843s] Level 1:colcon.colcon_core.package_identification:_identify(/home/rohamzn/Digital-Twin-of-a-Traffic-Scene-Using-RSU-and-AWSIM/src/digital_twin_launch/autoware.universe/launch/tier4_perception_launch) by extension 'ignore_ament_install'
[0.843s] Level 1:colcon.colcon_core.package_identification:_identify(/home/rohamzn/Digital-Twin-of-a-Traffic-Scene-Using-RSU-and-AWSIM/src/digital_twin_launch/autoware.universe/launch/tier4_perception_launch) by extensions ['colcon_pkg']
[0.843s] Level 1:colcon.colcon_core.package_identification:_identify(/home/rohamzn/Digital-Twin-of-a-Traffic-Scene-Using-RSU-and-AWSIM/src/digital_twin_launch/autoware.universe/launch/tier4_perception_launch) by extension 'colcon_pkg'
[0.843s] Level 1:colcon.colcon_core.package_identification:_identify(/home/rohamzn/Digital-Twin-of-a-Traffic-Scene-Using-RSU-and-AWSIM/src/digital_twin_launch/autoware.universe/launch/tier4_perception_launch) by extensions ['colcon_meta']
[0.843s] Level 1:colcon.colcon_core.package_identification:_identify(/home/rohamzn/Digital-Twin-of-a-Traffic-Scene-Using-RSU-and-AWSIM/src/digital_twin_launch/autoware.universe/launch/tier4_perception_launch) by extension 'colcon_meta'
[0.843s] Level 1:colcon.colcon_core.package_identification:_identify(/home/rohamzn/Digital-Twin-of-a-Traffic-Scene-Using-RSU-and-AWSIM/src/digital_twin_launch/autoware.universe/launch/tier4_perception_launch) by extensions ['ros']
[0.843s] Level 1:colcon.colcon_core.package_identification:_identify(/home/rohamzn/Digital-Twin-of-a-Traffic-Scene-Using-RSU-and-AWSIM/src/digital_twin_launch/autoware.universe/launch/tier4_perception_launch) by extension 'ros'
[0.843s] Level 1:colcon.colcon_core.package_identification:_identify(/home/rohamzn/Digital-Twin-of-a-Traffic-Scene-Using-RSU-and-AWSIM/src/digital_twin_launch/autoware.universe/launch/tier4_perception_launch) by extensions ['cmake', 'python']
[0.843s] Level 1:colcon.colcon_core.package_identification:_identify(/home/rohamzn/Digital-Twin-of-a-Traffic-Scene-Using-RSU-and-AWSIM/src/digital_twin_launch/autoware.universe/launch/tier4_perception_launch) by extension 'cmake'
[0.843s] Level 1:colcon.colcon_core.package_identification:_identify(/home/rohamzn/Digital-Twin-of-a-Traffic-Scene-Using-RSU-and-AWSIM/src/digital_twin_launch/autoware.universe/launch/tier4_perception_launch) by extension 'python'
[0.843s] Level 1:colcon.colcon_core.package_identification:_identify(/home/rohamzn/Digital-Twin-of-a-Traffic-Scene-Using-RSU-and-AWSIM/src/digital_twin_launch/autoware.universe/launch/tier4_perception_launch) by extensions ['python_setup_py']
[0.843s] Level 1:colcon.colcon_core.package_identification:_identify(/home/rohamzn/Digital-Twin-of-a-Traffic-Scene-Using-RSU-and-AWSIM/src/digital_twin_launch/autoware.universe/launch/tier4_perception_launch) by extension 'python_setup_py'
[0.843s] Level 1:colcon.colcon_core.package_identification:_identify(/home/rohamzn/Digital-Twin-of-a-Traffic-Scene-Using-RSU-and-AWSIM/src/digital_twin_launch/autoware.universe/launch/tier4_perception_launch/launch) by extensions ['ignore', 'ignore_ament_install']
[0.844s] Level 1:colcon.colcon_core.package_identification:_identify(/home/rohamzn/Digital-Twin-of-a-Traffic-Scene-Using-RSU-and-AWSIM/src/digital_twin_launch/autoware.universe/launch/tier4_perception_launch/launch) by extension 'ignore'
[0.844s] Level 1:colcon.colcon_core.package_identification:_identify(/home/rohamzn/Digital-Twin-of-a-Traffic-Scene-Using-RSU-and-AWSIM/src/digital_twin_launch/autoware.universe/launch/tier4_perception_launch/launch) by extension 'ignore_ament_install'
[0.844s] Level 1:colcon.colcon_core.package_identification:_identify(/home/rohamzn/Digital-Twin-of-a-Traffic-Scene-Using-RSU-and-AWSIM/src/digital_twin_launch/autoware.universe/launch/tier4_perception_launch/launch) by extensions ['colcon_pkg']
[0.844s] Level 1:colcon.colcon_core.package_identification:_identify(/home/rohamzn/Digital-Twin-of-a-Traffic-Scene-Using-RSU-and-AWSIM/src/digital_twin_launch/autoware.universe/launch/tier4_perception_launch/launch) by extension 'colcon_pkg'
[0.844s] Level 1:colcon.colcon_core.package_identification:_identify(/home/rohamzn/Digital-Twin-of-a-Traffic-Scene-Using-RSU-and-AWSIM/src/digital_twin_launch/autoware.universe/launch/tier4_perception_launch/launch) by extensions ['colcon_meta']
[0.844s] Level 1:colcon.colcon_core.package_identification:_identify(/home/rohamzn/Digital-Twin-of-a-Traffic-Scene-Using-RSU-and-AWSIM/src/digital_twin_launch/autoware.universe/launch/tier4_perception_launch/launch) by extension 'colcon_meta'
[0.844s] Level 1:colcon.colcon_core.package_identification:_identify(/home/rohamzn/Digital-Twin-of-a-Traffic-Scene-Using-RSU-and-AWSIM/src/digital_twin_launch/autoware.universe/launch/tier4_perception_launch/launch) by extensions ['ros']
[0.844s] Level 1:colcon.colcon_core.package_identification:_identify(/home/rohamzn/Digital-Twin-of-a-Traffic-Scene-Using-RSU-and-AWSIM/src/digital_twin_launch/autoware.universe/launch/tier4_perception_launch/launch) by extension 'ros'
[0.844s] Level 1:colcon.colcon_core.package_identification:_identify(/home/rohamzn/Digital-Twin-of-a-Traffic-Scene-Using-RSU-and-AWSIM/src/digital_twin_launch/autoware.universe/launch/tier4_perception_launch/launch) by extensions ['cmake', 'python']
[0.844s] Level 1:colcon.colcon_core.package_identification:_identify(/home/rohamzn/Digital-Twin-of-a-Traffic-Scene-Using-RSU-and-AWSIM/src/digital_twin_launch/autoware.universe/launch/tier4_perception_launch/launch) by extension 'cmake'
[0.844s] Level 1:colcon.colcon_core.package_identification:_identify(/home/rohamzn/Digital-Twin-of-a-Traffic-Scene-Using-RSU-and-AWSIM/src/digital_twin_launch/autoware.universe/launch/tier4_perception_launch/launch) by extension 'python'
[0.844s] Level 1:colcon.colcon_core.package_identification:_identify(/home/rohamzn/Digital-Twin-of-a-Traffic-Scene-Using-RSU-and-AWSIM/src/digital_twin_launch/autoware.universe/launch/tier4_perception_launch/launch) by extensions ['python_setup_py']
[0.844s] Level 1:colcon.colcon_core.package_identification:_identify(/home/rohamzn/Digital-Twin-of-a-Traffic-Scene-Using-RSU-and-AWSIM/src/digital_twin_launch/autoware.universe/launch/tier4_perception_launch/launch) by extension 'python_setup_py'
[0.844s] Level 1:colcon.colcon_core.package_identification:_identify(/home/rohamzn/Digital-Twin-of-a-Traffic-Scene-Using-RSU-and-AWSIM/src/digital_twin_launch/autoware.universe/launch/tier4_perception_launch/launch/object_recognition) by extensions ['ignore', 'ignore_ament_install']
[0.844s] Level 1:colcon.colcon_core.package_identification:_identify(/home/rohamzn/Digital-Twin-of-a-Traffic-Scene-Using-RSU-and-AWSIM/src/digital_twin_launch/autoware.universe/launch/tier4_perception_launch/launch/object_recognition) by extension 'ignore'
[0.844s] Level 1:colcon.colcon_core.package_identification:_identify(/home/rohamzn/Digital-Twin-of-a-Traffic-Scene-Using-RSU-and-AWSIM/src/digital_twin_launch/autoware.universe/launch/tier4_perception_launch/launch/object_recognition) by extension 'ignore_ament_install'
[0.844s] Level 1:colcon.colcon_core.package_identification:_identify(/home/rohamzn/Digital-Twin-of-a-Traffic-Scene-Using-RSU-and-AWSIM/src/digital_twin_launch/autoware.universe/launch/tier4_perception_launch/launch/object_recognition) by extensions ['colcon_pkg']
[0.844s] Level 1:colcon.colcon_core.package_identification:_identify(/home/rohamzn/Digital-Twin-of-a-Traffic-Scene-Using-RSU-and-AWSIM/src/digital_twin_launch/autoware.universe/launch/tier4_perception_launch/launch/object_recognition) by extension 'colcon_pkg'
[0.844s] Level 1:colcon.colcon_core.package_identification:_identify(/home/rohamzn/Digital-Twin-of-a-Traffic-Scene-Using-RSU-and-AWSIM/src/digital_twin_launch/autoware.universe/launch/tier4_perception_launch/launch/object_recognition) by extensions ['colcon_meta']
[0.844s] Level 1:colcon.colcon_core.package_identification:_identify(/home/rohamzn/Digital-Twin-of-a-Traffic-Scene-Using-RSU-and-AWSIM/src/digital_twin_launch/autoware.universe/launch/tier4_perception_launch/launch/object_recognition) by extension 'colcon_meta'
[0.844s] Level 1:colcon.colcon_core.package_identification:_identify(/home/rohamzn/Digital-Twin-of-a-Traffic-Scene-Using-RSU-and-AWSIM/src/digital_twin_launch/autoware.universe/launch/tier4_perception_launch/launch/object_recognition) by extensions ['ros']
[0.844s] Level 1:colcon.colcon_core.package_identification:_identify(/home/rohamzn/Digital-Twin-of-a-Traffic-Scene-Using-RSU-and-AWSIM/src/digital_twin_launch/autoware.universe/launch/tier4_perception_launch/launch/object_recognition) by extension 'ros'
[0.844s] Level 1:colcon.colcon_core.package_identification:_identify(/home/rohamzn/Digital-Twin-of-a-Traffic-Scene-Using-RSU-and-AWSIM/src/digital_twin_launch/autoware.universe/launch/tier4_perception_launch/launch/object_recognition) by extensions ['cmake', 'python']
[0.844s] Level 1:colcon.colcon_core.package_identification:_identify(/home/rohamzn/Digital-Twin-of-a-Traffic-Scene-Using-RSU-and-AWSIM/src/digital_twin_launch/autoware.universe/launch/tier4_perception_launch/launch/object_recognition) by extension 'cmake'
[0.844s] Level 1:colcon.colcon_core.package_identification:_identify(/home/rohamzn/Digital-Twin-of-a-Traffic-Scene-Using-RSU-and-AWSIM/src/digital_twin_launch/autoware.universe/launch/tier4_perception_launch/launch/object_recognition) by extension 'python'
[0.844s] Level 1:colcon.colcon_core.package_identification:_identify(/home/rohamzn/Digital-Twin-of-a-Traffic-Scene-Using-RSU-and-AWSIM/src/digital_twin_launch/autoware.universe/launch/tier4_perception_launch/launch/object_recognition) by extensions ['python_setup_py']
[0.844s] Level 1:colcon.colcon_core.package_identification:_identify(/home/rohamzn/Digital-Twin-of-a-Traffic-Scene-Using-RSU-and-AWSIM/src/digital_twin_launch/autoware.universe/launch/tier4_perception_launch/launch/object_recognition) by extension 'python_setup_py'
[0.844s] Level 1:colcon.colcon_core.package_identification:_identify(/home/rohamzn/Digital-Twin-of-a-Traffic-Scene-Using-RSU-and-AWSIM/src/digital_twin_launch/autoware.universe/launch/tier4_perception_launch/launch/object_recognition/detection) by extensions ['ignore', 'ignore_ament_install']
[0.844s] Level 1:colcon.colcon_core.package_identification:_identify(/home/rohamzn/Digital-Twin-of-a-Traffic-Scene-Using-RSU-and-AWSIM/src/digital_twin_launch/autoware.universe/launch/tier4_perception_launch/launch/object_recognition/detection) by extension 'ignore'
[0.844s] Level 1:colcon.colcon_core.package_identification:_identify(/home/rohamzn/Digital-Twin-of-a-Traffic-Scene-Using-RSU-and-AWSIM/src/digital_twin_launch/autoware.universe/launch/tier4_perception_launch/launch/object_recognition/detection) by extension 'ignore_ament_install'
[0.844s] Level 1:colcon.colcon_core.package_identification:_identify(/home/rohamzn/Digital-Twin-of-a-Traffic-Scene-Using-RSU-and-AWSIM/src/digital_twin_launch/autoware.universe/launch/tier4_perception_launch/launch/object_recognition/detection) by extensions ['colcon_pkg']
[0.844s] Level 1:colcon.colcon_core.package_identification:_identify(/home/rohamzn/Digital-Twin-of-a-Traffic-Scene-Using-RSU-and-AWSIM/src/digital_twin_launch/autoware.universe/launch/tier4_perception_launch/launch/object_recognition/detection) by extension 'colcon_pkg'
[0.844s] Level 1:colcon.colcon_core.package_identification:_identify(/home/rohamzn/Digital-Twin-of-a-Traffic-Scene-Using-RSU-and-AWSIM/src/digital_twin_launch/autoware.universe/launch/tier4_perception_launch/launch/object_recognition/detection) by extensions ['colcon_meta']
[0.844s] Level 1:colcon.colcon_core.package_identification:_identify(/home/rohamzn/Digital-Twin-of-a-Traffic-Scene-Using-RSU-and-AWSIM/src/digital_twin_launch/autoware.universe/launch/tier4_perception_launch/launch/object_recognition/detection) by extension 'colcon_meta'
[0.844s] Level 1:colcon.colcon_core.package_identification:_identify(/home/rohamzn/Digital-Twin-of-a-Traffic-Scene-Using-RSU-and-AWSIM/src/digital_twin_launch/autoware.universe/launch/tier4_perception_launch/launch/object_recognition/detection) by extensions ['ros']
[0.844s] Level 1:colcon.colcon_core.package_identification:_identify(/home/rohamzn/Digital-Twin-of-a-Traffic-Scene-Using-RSU-and-AWSIM/src/digital_twin_launch/autoware.universe/launch/tier4_perception_launch/launch/object_recognition/detection) by extension 'ros'
[0.844s] Level 1:colcon.colcon_core.package_identification:_identify(/home/rohamzn/Digital-Twin-of-a-Traffic-Scene-Using-RSU-and-AWSIM/src/digital_twin_launch/autoware.universe/launch/tier4_perception_launch/launch/object_recognition/detection) by extensions ['cmake', 'python']
[0.844s] Level 1:colcon.colcon_core.package_identification:_identify(/home/rohamzn/Digital-Twin-of-a-Traffic-Scene-Using-RSU-and-AWSIM/src/digital_twin_launch/autoware.universe/launch/tier4_perception_launch/launch/object_recognition/detection) by extension 'cmake'
[0.844s] Level 1:colcon.colcon_core.package_identification:_identify(/home/rohamzn/Digital-Twin-of-a-Traffic-Scene-Using-RSU-and-AWSIM/src/digital_twin_launch/autoware.universe/launch/tier4_perception_launch/launch/object_recognition/detection) by extension 'python'
[0.844s] Level 1:colcon.colcon_core.package_identification:_identify(/home/rohamzn/Digital-Twin-of-a-Traffic-Scene-Using-RSU-and-AWSIM/src/digital_twin_launch/autoware.universe/launch/tier4_perception_launch/launch/object_recognition/detection) by extensions ['python_setup_py']
[0.845s] Level 1:colcon.colcon_core.package_identification:_identify(/home/rohamzn/Digital-Twin-of-a-Traffic-Scene-Using-RSU-and-AWSIM/src/digital_twin_launch/autoware.universe/launch/tier4_perception_launch/launch/object_recognition/detection) by extension 'python_setup_py'
[0.845s] Level 1:colcon.colcon_core.package_identification:_identify(/home/rohamzn/Digital-Twin-of-a-Traffic-Scene-Using-RSU-and-AWSIM/src/digital_twin_launch/autoware.universe/perception) by extensions ['ignore', 'ignore_ament_install']
[0.845s] Level 1:colcon.colcon_core.package_identification:_identify(/home/rohamzn/Digital-Twin-of-a-Traffic-Scene-Using-RSU-and-AWSIM/src/digital_twin_launch/autoware.universe/perception) by extension 'ignore'
[0.845s] Level 1:colcon.colcon_core.package_identification:_identify(/home/rohamzn/Digital-Twin-of-a-Traffic-Scene-Using-RSU-and-AWSIM/src/digital_twin_launch/autoware.universe/perception) by extension 'ignore_ament_install'
[0.845s] Level 1:colcon.colcon_core.package_identification:_identify(/home/rohamzn/Digital-Twin-of-a-Traffic-Scene-Using-RSU-and-AWSIM/src/digital_twin_launch/autoware.universe/perception) by extensions ['colcon_pkg']
[0.845s] Level 1:colcon.colcon_core.package_identification:_identify(/home/rohamzn/Digital-Twin-of-a-Traffic-Scene-Using-RSU-and-AWSIM/src/digital_twin_launch/autoware.universe/perception) by extension 'colcon_pkg'
[0.845s] Level 1:colcon.colcon_core.package_identification:_identify(/home/rohamzn/Digital-Twin-of-a-Traffic-Scene-Using-RSU-and-AWSIM/src/digital_twin_launch/autoware.universe/perception) by extensions ['colcon_meta']
[0.845s] Level 1:colcon.colcon_core.package_identification:_identify(/home/rohamzn/Digital-Twin-of-a-Traffic-Scene-Using-RSU-and-AWSIM/src/digital_twin_launch/autoware.universe/perception) by extension 'colcon_meta'
[0.845s] Level 1:colcon.colcon_core.package_identification:_identify(/home/rohamzn/Digital-Twin-of-a-Traffic-Scene-Using-RSU-and-AWSIM/src/digital_twin_launch/autoware.universe/perception) by extensions ['ros']
[0.845s] Level 1:colcon.colcon_core.package_identification:_identify(/home/rohamzn/Digital-Twin-of-a-Traffic-Scene-Using-RSU-and-AWSIM/src/digital_twin_launch/autoware.universe/perception) by extension 'ros'
[0.845s] Level 1:colcon.colcon_core.package_identification:_identify(/home/rohamzn/Digital-Twin-of-a-Traffic-Scene-Using-RSU-and-AWSIM/src/digital_twin_launch/autoware.universe/perception) by extensions ['cmake', 'python']
[0.845s] Level 1:colcon.colcon_core.package_identification:_identify(/home/rohamzn/Digital-Twin-of-a-Traffic-Scene-Using-RSU-and-AWSIM/src/digital_twin_launch/autoware.universe/perception) by extension 'cmake'
[0.845s] Level 1:colcon.colcon_core.package_identification:_identify(/home/rohamzn/Digital-Twin-of-a-Traffic-Scene-Using-RSU-and-AWSIM/src/digital_twin_launch/autoware.universe/perception) by extension 'python'
[0.845s] Level 1:colcon.colcon_core.package_identification:_identify(/home/rohamzn/Digital-Twin-of-a-Traffic-Scene-Using-RSU-and-AWSIM/src/digital_twin_launch/autoware.universe/perception) by extensions ['python_setup_py']
[0.845s] Level 1:colcon.colcon_core.package_identification:_identify(/home/rohamzn/Digital-Twin-of-a-Traffic-Scene-Using-RSU-and-AWSIM/src/digital_twin_launch/autoware.universe/perception) by extension 'python_setup_py'
[0.845s] Level 1:colcon.colcon_core.package_identification:_identify(/home/rohamzn/Digital-Twin-of-a-Traffic-Scene-Using-RSU-and-AWSIM/src/digital_twin_launch/autoware.universe/perception/lidar_centerpoint) by extensions ['ignore', 'ignore_ament_install']
[0.845s] Level 1:colcon.colcon_core.package_identification:_identify(/home/rohamzn/Digital-Twin-of-a-Traffic-Scene-Using-RSU-and-AWSIM/src/digital_twin_launch/autoware.universe/perception/lidar_centerpoint) by extension 'ignore'
[0.845s] Level 1:colcon.colcon_core.package_identification:_identify(/home/rohamzn/Digital-Twin-of-a-Traffic-Scene-Using-RSU-and-AWSIM/src/digital_twin_launch/autoware.universe/perception/lidar_centerpoint) by extension 'ignore_ament_install'
[0.845s] Level 1:colcon.colcon_core.package_identification:_identify(/home/rohamzn/Digital-Twin-of-a-Traffic-Scene-Using-RSU-and-AWSIM/src/digital_twin_launch/autoware.universe/perception/lidar_centerpoint) by extensions ['colcon_pkg']
[0.845s] Level 1:colcon.colcon_core.package_identification:_identify(/home/rohamzn/Digital-Twin-of-a-Traffic-Scene-Using-RSU-and-AWSIM/src/digital_twin_launch/autoware.universe/perception/lidar_centerpoint) by extension 'colcon_pkg'
[0.845s] Level 1:colcon.colcon_core.package_identification:_identify(/home/rohamzn/Digital-Twin-of-a-Traffic-Scene-Using-RSU-and-AWSIM/src/digital_twin_launch/autoware.universe/perception/lidar_centerpoint) by extensions ['colcon_meta']
[0.845s] Level 1:colcon.colcon_core.package_identification:_identify(/home/rohamzn/Digital-Twin-of-a-Traffic-Scene-Using-RSU-and-AWSIM/src/digital_twin_launch/autoware.universe/perception/lidar_centerpoint) by extension 'colcon_meta'
[0.845s] Level 1:colcon.colcon_core.package_identification:_identify(/home/rohamzn/Digital-Twin-of-a-Traffic-Scene-Using-RSU-and-AWSIM/src/digital_twin_launch/autoware.universe/perception/lidar_centerpoint) by extensions ['ros']
[0.845s] Level 1:colcon.colcon_core.package_identification:_identify(/home/rohamzn/Digital-Twin-of-a-Traffic-Scene-Using-RSU-and-AWSIM/src/digital_twin_launch/autoware.universe/perception/lidar_centerpoint) by extension 'ros'
[0.845s] Level 1:colcon.colcon_core.package_identification:_identify(/home/rohamzn/Digital-Twin-of-a-Traffic-Scene-Using-RSU-and-AWSIM/src/digital_twin_launch/autoware.universe/perception/lidar_centerpoint) by extensions ['cmake', 'python']
[0.845s] Level 1:colcon.colcon_core.package_identification:_identify(/home/rohamzn/Digital-Twin-of-a-Traffic-Scene-Using-RSU-and-AWSIM/src/digital_twin_launch/autoware.universe/perception/lidar_centerpoint) by extension 'cmake'
[0.845s] Level 1:colcon.colcon_core.package_identification:_identify(/home/rohamzn/Digital-Twin-of-a-Traffic-Scene-Using-RSU-and-AWSIM/src/digital_twin_launch/autoware.universe/perception/lidar_centerpoint) by extension 'python'
[0.845s] Level 1:colcon.colcon_core.package_identification:_identify(/home/rohamzn/Digital-Twin-of-a-Traffic-Scene-Using-RSU-and-AWSIM/src/digital_twin_launch/autoware.universe/perception/lidar_centerpoint) by extensions ['python_setup_py']
[0.845s] Level 1:colcon.colcon_core.package_identification:_identify(/home/rohamzn/Digital-Twin-of-a-Traffic-Scene-Using-RSU-and-AWSIM/src/digital_twin_launch/autoware.universe/perception/lidar_centerpoint) by extension 'python_setup_py'
[0.845s] Level 1:colcon.colcon_core.package_identification:_identify(/home/rohamzn/Digital-Twin-of-a-Traffic-Scene-Using-RSU-and-AWSIM/src/digital_twin_launch/launcher) by extensions ['ignore', 'ignore_ament_install']
[0.845s] Level 1:colcon.colcon_core.package_identification:_identify(/home/rohamzn/Digital-Twin-of-a-Traffic-Scene-Using-RSU-and-AWSIM/src/digital_twin_launch/launcher) by extension 'ignore'
[0.845s] Level 1:colcon.colcon_core.package_identification:_identify(/home/rohamzn/Digital-Twin-of-a-Traffic-Scene-Using-RSU-and-AWSIM/src/digital_twin_launch/launcher) by extension 'ignore_ament_install'
[0.845s] Level 1:colcon.colcon_core.package_identification:_identify(/home/rohamzn/Digital-Twin-of-a-Traffic-Scene-Using-RSU-and-AWSIM/src/digital_twin_launch/launcher) by extensions ['colcon_pkg']
[0.845s] Level 1:colcon.colcon_core.package_identification:_identify(/home/rohamzn/Digital-Twin-of-a-Traffic-Scene-Using-RSU-and-AWSIM/src/digital_twin_launch/launcher) by extension 'colcon_pkg'
[0.845s] Level 1:colcon.colcon_core.package_identification:_identify(/home/rohamzn/Digital-Twin-of-a-Traffic-Scene-Using-RSU-and-AWSIM/src/digital_twin_launch/launcher) by extensions ['colcon_meta']
[0.845s] Level 1:colcon.colcon_core.package_identification:_identify(/home/rohamzn/Digital-Twin-of-a-Traffic-Scene-Using-RSU-and-AWSIM/src/digital_twin_launch/launcher) by extension 'colcon_meta'
[0.845s] Level 1:colcon.colcon_core.package_identification:_identify(/home/rohamzn/Digital-Twin-of-a-Traffic-Scene-Using-RSU-and-AWSIM/src/digital_twin_launch/launcher) by extensions ['ros']
[0.845s] Level 1:colcon.colcon_core.package_identification:_identify(/home/rohamzn/Digital-Twin-of-a-Traffic-Scene-Using-RSU-and-AWSIM/src/digital_twin_launch/launcher) by extension 'ros'
[0.845s] Level 1:colcon.colcon_core.package_identification:_identify(/home/rohamzn/Digital-Twin-of-a-Traffic-Scene-Using-RSU-and-AWSIM/src/digital_twin_launch/launcher) by extensions ['cmake', 'python']
[0.845s] Level 1:colcon.colcon_core.package_identification:_identify(/home/rohamzn/Digital-Twin-of-a-Traffic-Scene-Using-RSU-and-AWSIM/src/digital_twin_launch/launcher) by extension 'cmake'
[0.845s] Level 1:colcon.colcon_core.package_identification:_identify(/home/rohamzn/Digital-Twin-of-a-Traffic-Scene-Using-RSU-and-AWSIM/src/digital_twin_launch/launcher) by extension 'python'
[0.845s] Level 1:colcon.colcon_core.package_identification:_identify(/home/rohamzn/Digital-Twin-of-a-Traffic-Scene-Using-RSU-and-AWSIM/src/digital_twin_launch/launcher) by extensions ['python_setup_py']
[0.846s] Level 1:colcon.colcon_core.package_identification:_identify(/home/rohamzn/Digital-Twin-of-a-Traffic-Scene-Using-RSU-and-AWSIM/src/digital_twin_launch/launcher) by extension 'python_setup_py'
[0.846s] Level 1:colcon.colcon_core.package_identification:_identify(/home/rohamzn/Digital-Twin-of-a-Traffic-Scene-Using-RSU-and-AWSIM/src/digital_twin_launch/launcher/autoware_launch) by extensions ['ignore', 'ignore_ament_install']
[0.846s] Level 1:colcon.colcon_core.package_identification:_identify(/home/rohamzn/Digital-Twin-of-a-Traffic-Scene-Using-RSU-and-AWSIM/src/digital_twin_launch/launcher/autoware_launch) by extension 'ignore'
[0.846s] Level 1:colcon.colcon_core.package_identification:_identify(/home/rohamzn/Digital-Twin-of-a-Traffic-Scene-Using-RSU-and-AWSIM/src/digital_twin_launch/launcher/autoware_launch) by extension 'ignore_ament_install'
[0.846s] Level 1:colcon.colcon_core.package_identification:_identify(/home/rohamzn/Digital-Twin-of-a-Traffic-Scene-Using-RSU-and-AWSIM/src/digital_twin_launch/launcher/autoware_launch) by extensions ['colcon_pkg']
[0.846s] Level 1:colcon.colcon_core.package_identification:_identify(/home/rohamzn/Digital-Twin-of-a-Traffic-Scene-Using-RSU-and-AWSIM/src/digital_twin_launch/launcher/autoware_launch) by extension 'colcon_pkg'
[0.846s] Level 1:colcon.colcon_core.package_identification:_identify(/home/rohamzn/Digital-Twin-of-a-Traffic-Scene-Using-RSU-and-AWSIM/src/digital_twin_launch/launcher/autoware_launch) by extensions ['colcon_meta']
[0.846s] Level 1:colcon.colcon_core.package_identification:_identify(/home/rohamzn/Digital-Twin-of-a-Traffic-Scene-Using-RSU-and-AWSIM/src/digital_twin_launch/launcher/autoware_launch) by extension 'colcon_meta'
[0.846s] Level 1:colcon.colcon_core.package_identification:_identify(/home/rohamzn/Digital-Twin-of-a-Traffic-Scene-Using-RSU-and-AWSIM/src/digital_twin_launch/launcher/autoware_launch) by extensions ['ros']
[0.846s] Level 1:colcon.colcon_core.package_identification:_identify(/home/rohamzn/Digital-Twin-of-a-Traffic-Scene-Using-RSU-and-AWSIM/src/digital_twin_launch/launcher/autoware_launch) by extension 'ros'
[0.846s] Level 1:colcon.colcon_core.package_identification:_identify(/home/rohamzn/Digital-Twin-of-a-Traffic-Scene-Using-RSU-and-AWSIM/src/digital_twin_launch/launcher/autoware_launch) by extensions ['cmake', 'python']
[0.846s] Level 1:colcon.colcon_core.package_identification:_identify(/home/rohamzn/Digital-Twin-of-a-Traffic-Scene-Using-RSU-and-AWSIM/src/digital_twin_launch/launcher/autoware_launch) by extension 'cmake'
[0.846s] Level 1:colcon.colcon_core.package_identification:_identify(/home/rohamzn/Digital-Twin-of-a-Traffic-Scene-Using-RSU-and-AWSIM/src/digital_twin_launch/launcher/autoware_launch) by extension 'python'
[0.846s] Level 1:colcon.colcon_core.package_identification:_identify(/home/rohamzn/Digital-Twin-of-a-Traffic-Scene-Using-RSU-and-AWSIM/src/digital_twin_launch/launcher/autoware_launch) by extensions ['python_setup_py']
[0.846s] Level 1:colcon.colcon_core.package_identification:_identify(/home/rohamzn/Digital-Twin-of-a-Traffic-Scene-Using-RSU-and-AWSIM/src/digital_twin_launch/launcher/autoware_launch) by extension 'python_setup_py'
[0.846s] Level 1:colcon.colcon_core.package_identification:_identify(/home/rohamzn/Digital-Twin-of-a-Traffic-Scene-Using-RSU-and-AWSIM/src/digital_twin_launch/launcher/autoware_launch/launch) by extensions ['ignore', 'ignore_ament_install']
[0.846s] Level 1:colcon.colcon_core.package_identification:_identify(/home/rohamzn/Digital-Twin-of-a-Traffic-Scene-Using-RSU-and-AWSIM/src/digital_twin_launch/launcher/autoware_launch/launch) by extension 'ignore'
[0.846s] Level 1:colcon.colcon_core.package_identification:_identify(/home/rohamzn/Digital-Twin-of-a-Traffic-Scene-Using-RSU-and-AWSIM/src/digital_twin_launch/launcher/autoware_launch/launch) by extension 'ignore_ament_install'
[0.846s] Level 1:colcon.colcon_core.package_identification:_identify(/home/rohamzn/Digital-Twin-of-a-Traffic-Scene-Using-RSU-and-AWSIM/src/digital_twin_launch/launcher/autoware_launch/launch) by extensions ['colcon_pkg']
[0.846s] Level 1:colcon.colcon_core.package_identification:_identify(/home/rohamzn/Digital-Twin-of-a-Traffic-Scene-Using-RSU-and-AWSIM/src/digital_twin_launch/launcher/autoware_launch/launch) by extension 'colcon_pkg'
[0.846s] Level 1:colcon.colcon_core.package_identification:_identify(/home/rohamzn/Digital-Twin-of-a-Traffic-Scene-Using-RSU-and-AWSIM/src/digital_twin_launch/launcher/autoware_launch/launch) by extensions ['colcon_meta']
[0.846s] Level 1:colcon.colcon_core.package_identification:_identify(/home/rohamzn/Digital-Twin-of-a-Traffic-Scene-Using-RSU-and-AWSIM/src/digital_twin_launch/launcher/autoware_launch/launch) by extension 'colcon_meta'
[0.846s] Level 1:colcon.colcon_core.package_identification:_identify(/home/rohamzn/Digital-Twin-of-a-Traffic-Scene-Using-RSU-and-AWSIM/src/digital_twin_launch/launcher/autoware_launch/launch) by extensions ['ros']
[0.846s] Level 1:colcon.colcon_core.package_identification:_identify(/home/rohamzn/Digital-Twin-of-a-Traffic-Scene-Using-RSU-and-AWSIM/src/digital_twin_launch/launcher/autoware_launch/launch) by extension 'ros'
[0.846s] Level 1:colcon.colcon_core.package_identification:_identify(/home/rohamzn/Digital-Twin-of-a-Traffic-Scene-Using-RSU-and-AWSIM/src/digital_twin_launch/launcher/autoware_launch/launch) by extensions ['cmake', 'python']
[0.846s] Level 1:colcon.colcon_core.package_identification:_identify(/home/rohamzn/Digital-Twin-of-a-Traffic-Scene-Using-RSU-and-AWSIM/src/digital_twin_launch/launcher/autoware_launch/launch) by extension 'cmake'
[0.846s] Level 1:colcon.colcon_core.package_identification:_identify(/home/rohamzn/Digital-Twin-of-a-Traffic-Scene-Using-RSU-and-AWSIM/src/digital_twin_launch/launcher/autoware_launch/launch) by extension 'python'
[0.846s] Level 1:colcon.colcon_core.package_identification:_identify(/home/rohamzn/Digital-Twin-of-a-Traffic-Scene-Using-RSU-and-AWSIM/src/digital_twin_launch/launcher/autoware_launch/launch) by extensions ['python_setup_py']
[0.846s] Level 1:colcon.colcon_core.package_identification:_identify(/home/rohamzn/Digital-Twin-of-a-Traffic-Scene-Using-RSU-and-AWSIM/src/digital_twin_launch/launcher/autoware_launch/launch) by extension 'python_setup_py'
[0.846s] Level 1:colcon.colcon_core.package_identification:_identify(/home/rohamzn/Digital-Twin-of-a-Traffic-Scene-Using-RSU-and-AWSIM/src/digital_twin_launch/launcher/autoware_launch/launch/components) by extensions ['ignore', 'ignore_ament_install']
[0.846s] Level 1:colcon.colcon_core.package_identification:_identify(/home/rohamzn/Digital-Twin-of-a-Traffic-Scene-Using-RSU-and-AWSIM/src/digital_twin_launch/launcher/autoware_launch/launch/components) by extension 'ignore'
[0.846s] Level 1:colcon.colcon_core.package_identification:_identify(/home/rohamzn/Digital-Twin-of-a-Traffic-Scene-Using-RSU-and-AWSIM/src/digital_twin_launch/launcher/autoware_launch/launch/components) by extension 'ignore_ament_install'
[0.846s] Level 1:colcon.colcon_core.package_identification:_identify(/home/rohamzn/Digital-Twin-of-a-Traffic-Scene-Using-RSU-and-AWSIM/src/digital_twin_launch/launcher/autoware_launch/launch/components) by extensions ['colcon_pkg']
[0.846s] Level 1:colcon.colcon_core.package_identification:_identify(/home/rohamzn/Digital-Twin-of-a-Traffic-Scene-Using-RSU-and-AWSIM/src/digital_twin_launch/launcher/autoware_launch/launch/components) by extension 'colcon_pkg'
[0.846s] Level 1:colcon.colcon_core.package_identification:_identify(/home/rohamzn/Digital-Twin-of-a-Traffic-Scene-Using-RSU-and-AWSIM/src/digital_twin_launch/launcher/autoware_launch/launch/components) by extensions ['colcon_meta']
[0.846s] Level 1:colcon.colcon_core.package_identification:_identify(/home/rohamzn/Digital-Twin-of-a-Traffic-Scene-Using-RSU-and-AWSIM/src/digital_twin_launch/launcher/autoware_launch/launch/components) by extension 'colcon_meta'
[0.846s] Level 1:colcon.colcon_core.package_identification:_identify(/home/rohamzn/Digital-Twin-of-a-Traffic-Scene-Using-RSU-and-AWSIM/src/digital_twin_launch/launcher/autoware_launch/launch/components) by extensions ['ros']
[0.846s] Level 1:colcon.colcon_core.package_identification:_identify(/home/rohamzn/Digital-Twin-of-a-Traffic-Scene-Using-RSU-and-AWSIM/src/digital_twin_launch/launcher/autoware_launch/launch/components) by extension 'ros'
[0.846s] Level 1:colcon.colcon_core.package_identification:_identify(/home/rohamzn/Digital-Twin-of-a-Traffic-Scene-Using-RSU-and-AWSIM/src/digital_twin_launch/launcher/autoware_launch/launch/components) by extensions ['cmake', 'python']
[0.846s] Level 1:colcon.colcon_core.package_identification:_identify(/home/rohamzn/Digital-Twin-of-a-Traffic-Scene-Using-RSU-and-AWSIM/src/digital_twin_launch/launcher/autoware_launch/launch/components) by extension 'cmake'
[0.847s] Level 1:colcon.colcon_core.package_identification:_identify(/home/rohamzn/Digital-Twin-of-a-Traffic-Scene-Using-RSU-and-AWSIM/src/digital_twin_launch/launcher/autoware_launch/launch/components) by extension 'python'
[0.847s] Level 1:colcon.colcon_core.package_identification:_identify(/home/rohamzn/Digital-Twin-of-a-Traffic-Scene-Using-RSU-and-AWSIM/src/digital_twin_launch/launcher/autoware_launch/launch/components) by extensions ['python_setup_py']
[0.847s] Level 1:colcon.colcon_core.package_identification:_identify(/home/rohamzn/Digital-Twin-of-a-Traffic-Scene-Using-RSU-and-AWSIM/src/digital_twin_launch/launcher/autoware_launch/launch/components) by extension 'python_setup_py'
[0.847s] Level 1:colcon.colcon_core.package_identification:_identify(/home/rohamzn/Digital-Twin-of-a-Traffic-Scene-Using-RSU-and-AWSIM/src/digital_twin_launch/launcher/autoware_launch/rviz) by extensions ['ignore', 'ignore_ament_install']
[0.847s] Level 1:colcon.colcon_core.package_identification:_identify(/home/rohamzn/Digital-Twin-of-a-Traffic-Scene-Using-RSU-and-AWSIM/src/digital_twin_launch/launcher/autoware_launch/rviz) by extension 'ignore'
[0.847s] Level 1:colcon.colcon_core.package_identification:_identify(/home/rohamzn/Digital-Twin-of-a-Traffic-Scene-Using-RSU-and-AWSIM/src/digital_twin_launch/launcher/autoware_launch/rviz) by extension 'ignore_ament_install'
[0.847s] Level 1:colcon.colcon_core.package_identification:_identify(/home/rohamzn/Digital-Twin-of-a-Traffic-Scene-Using-RSU-and-AWSIM/src/digital_twin_launch/launcher/autoware_launch/rviz) by extensions ['colcon_pkg']
[0.847s] Level 1:colcon.colcon_core.package_identification:_identify(/home/rohamzn/Digital-Twin-of-a-Traffic-Scene-Using-RSU-and-AWSIM/src/digital_twin_launch/launcher/autoware_launch/rviz) by extension 'colcon_pkg'
[0.847s] Level 1:colcon.colcon_core.package_identification:_identify(/home/rohamzn/Digital-Twin-of-a-Traffic-Scene-Using-RSU-and-AWSIM/src/digital_twin_launch/launcher/autoware_launch/rviz) by extensions ['colcon_meta']
[0.847s] Level 1:colcon.colcon_core.package_identification:_identify(/home/rohamzn/Digital-Twin-of-a-Traffic-Scene-Using-RSU-and-AWSIM/src/digital_twin_launch/launcher/autoware_launch/rviz) by extension 'colcon_meta'
[0.847s] Level 1:colcon.colcon_core.package_identification:_identify(/home/rohamzn/Digital-Twin-of-a-Traffic-Scene-Using-RSU-and-AWSIM/src/digital_twin_launch/launcher/autoware_launch/rviz) by extensions ['ros']
[0.847s] Level 1:colcon.colcon_core.package_identification:_identify(/home/rohamzn/Digital-Twin-of-a-Traffic-Scene-Using-RSU-and-AWSIM/src/digital_twin_launch/launcher/autoware_launch/rviz) by extension 'ros'
[0.847s] Level 1:colcon.colcon_core.package_identification:_identify(/home/rohamzn/Digital-Twin-of-a-Traffic-Scene-Using-RSU-and-AWSIM/src/digital_twin_launch/launcher/autoware_launch/rviz) by extensions ['cmake', 'python']
[0.847s] Level 1:colcon.colcon_core.package_identification:_identify(/home/rohamzn/Digital-Twin-of-a-Traffic-Scene-Using-RSU-and-AWSIM/src/digital_twin_launch/launcher/autoware_launch/rviz) by extension 'cmake'
[0.847s] Level 1:colcon.colcon_core.package_identification:_identify(/home/rohamzn/Digital-Twin-of-a-Traffic-Scene-Using-RSU-and-AWSIM/src/digital_twin_launch/launcher/autoware_launch/rviz) by extension 'python'
[0.847s] Level 1:colcon.colcon_core.package_identification:_identify(/home/rohamzn/Digital-Twin-of-a-Traffic-Scene-Using-RSU-and-AWSIM/src/digital_twin_launch/launcher/autoware_launch/rviz) by extensions ['python_setup_py']
[0.847s] Level 1:colcon.colcon_core.package_identification:_identify(/home/rohamzn/Digital-Twin-of-a-Traffic-Scene-Using-RSU-and-AWSIM/src/digital_twin_launch/launcher/autoware_launch/rviz) by extension 'python_setup_py'
[0.847s] Level 1:colcon.colcon_core.package_identification:_identify(/home/rohamzn/Digital-Twin-of-a-Traffic-Scene-Using-RSU-and-AWSIM/src/pcap_to_pointcloud2_publisher_py) by extensions ['ignore', 'ignore_ament_install']
[0.847s] Level 1:colcon.colcon_core.package_identification:_identify(/home/rohamzn/Digital-Twin-of-a-Traffic-Scene-Using-RSU-and-AWSIM/src/pcap_to_pointcloud2_publisher_py) by extension 'ignore'
[0.847s] Level 1:colcon.colcon_core.package_identification:_identify(/home/rohamzn/Digital-Twin-of-a-Traffic-Scene-Using-RSU-and-AWSIM/src/pcap_to_pointcloud2_publisher_py) by extension 'ignore_ament_install'
[0.847s] Level 1:colcon.colcon_core.package_identification:_identify(/home/rohamzn/Digital-Twin-of-a-Traffic-Scene-Using-RSU-and-AWSIM/src/pcap_to_pointcloud2_publisher_py) by extensions ['colcon_pkg']
[0.847s] Level 1:colcon.colcon_core.package_identification:_identify(/home/rohamzn/Digital-Twin-of-a-Traffic-Scene-Using-RSU-and-AWSIM/src/pcap_to_pointcloud2_publisher_py) by extension 'colcon_pkg'
[0.847s] Level 1:colcon.colcon_core.package_identification:_identify(/home/rohamzn/Digital-Twin-of-a-Traffic-Scene-Using-RSU-and-AWSIM/src/pcap_to_pointcloud2_publisher_py) by extensions ['colcon_meta']
[0.847s] Level 1:colcon.colcon_core.package_identification:_identify(/home/rohamzn/Digital-Twin-of-a-Traffic-Scene-Using-RSU-and-AWSIM/src/pcap_to_pointcloud2_publisher_py) by extension 'colcon_meta'
[0.847s] Level 1:colcon.colcon_core.package_identification:_identify(/home/rohamzn/Digital-Twin-of-a-Traffic-Scene-Using-RSU-and-AWSIM/src/pcap_to_pointcloud2_publisher_py) by extensions ['ros']
[0.847s] Level 1:colcon.colcon_core.package_identification:_identify(/home/rohamzn/Digital-Twin-of-a-Traffic-Scene-Using-RSU-and-AWSIM/src/pcap_to_pointcloud2_publisher_py) by extension 'ros'
[0.849s] DEBUG:colcon.colcon_core.package_identification:Package '/home/rohamzn/Digital-Twin-of-a-Traffic-Scene-Using-RSU-and-AWSIM/src/pcap_to_pointcloud2_publisher_py' with type 'ros.ament_python' and name 'pcap_to_pointcloud2_publisher_py'
[0.849s] Level 1:colcon.colcon_core.package_discovery:discover_packages(recursive) using defaults
