[0.473s] Invoking command in '/home/rohamzn/Digital-Twin-of-a-Traffic-Scene-Using-RSU-and-AWSIM/src/pcap_to_pointcloud2_publisher_py': CONDA_PROMPT_MODIFIER=(base) PYTHONPATH=/home/rohamzn/Digital-Twin-of-a-Traffic-Scene-Using-RSU-and-AWSIM/build/pcap_to_pointcloud2_publisher_py/prefix_override:/home/rohamzn/Digital-Twin-of-a-Traffic-Scene-Using-RSU-and-AWSIM/install/pcap_to_pointcloud2_publisher_py/lib/python3.10/site-packages:${PYTHONPATH} /usr/bin/python3 setup.py egg_info --egg-base ../../build/pcap_to_pointcloud2_publisher_py build --build-base /home/rohamzn/Digital-Twin-of-a-Traffic-Scene-Using-RSU-and-AWSIM/build/pcap_to_pointcloud2_publisher_py/build install --record /home/rohamzn/Digital-Twin-of-a-Traffic-Scene-Using-RSU-and-AWSIM/build/pcap_to_pointcloud2_publisher_py/install.log --single-version-externally-managed
[0.613s] running egg_info
[0.613s] creating ../../build/pcap_to_pointcloud2_publisher_py/pcap_to_pointcloud2_publisher_py.egg-info
[0.613s] writing ../../build/pcap_to_pointcloud2_publisher_py/pcap_to_pointcloud2_publisher_py.egg-info/PKG-INFO
[0.613s] writing dependency_links to ../../build/pcap_to_pointcloud2_publisher_py/pcap_to_pointcloud2_publisher_py.egg-info/dependency_links.txt
[0.613s] writing entry points to ../../build/pcap_to_pointcloud2_publisher_py/pcap_to_pointcloud2_publisher_py.egg-info/entry_points.txt
[0.613s] writing requirements to ../../build/pcap_to_pointcloud2_publisher_py/pcap_to_pointcloud2_publisher_py.egg-info/requires.txt
[0.613s] writing top-level names to ../../build/pcap_to_pointcloud2_publisher_py/pcap_to_pointcloud2_publisher_py.egg-info/top_level.txt
[0.613s] writing manifest file '../../build/pcap_to_pointcloud2_publisher_py/pcap_to_pointcloud2_publisher_py.egg-info/SOURCES.txt'
[0.614s] reading manifest file '../../build/pcap_to_pointcloud2_publisher_py/pcap_to_pointcloud2_publisher_py.egg-info/SOURCES.txt'
[0.614s] writing manifest file '../../build/pcap_to_pointcloud2_publisher_py/pcap_to_pointcloud2_publisher_py.egg-info/SOURCES.txt'
[0.614s] running build
[0.614s] running build_py
[0.614s] creating /home/rohamzn/Digital-Twin-of-a-Traffic-Scene-Using-RSU-and-AWSIM/build/pcap_to_pointcloud2_publisher_py/build
[0.615s] creating /home/rohamzn/Digital-Twin-of-a-Traffic-Scene-Using-RSU-and-AWSIM/build/pcap_to_pointcloud2_publisher_py/build/lib
[0.615s] creating /home/rohamzn/Digital-Twin-of-a-Traffic-Scene-Using-RSU-and-AWSIM/build/pcap_to_pointcloud2_publisher_py/build/lib/pcap_to_pointcloud2_publisher_py
[0.615s] copying pcap_to_pointcloud2_publisher_py/pcap_to_ros_publisher.py -> /home/rohamzn/Digital-Twin-of-a-Traffic-Scene-Using-RSU-and-AWSIM/build/pcap_to_pointcloud2_publisher_py/build/lib/pcap_to_pointcloud2_publisher_py
[0.615s] copying pcap_to_pointcloud2_publisher_py/__init__.py -> /home/rohamzn/Digital-Twin-of-a-Traffic-Scene-Using-RSU-and-AWSIM/build/pcap_to_pointcloud2_publisher_py/build/lib/pcap_to_pointcloud2_publisher_py
[0.615s] running install
[0.623s] /usr/lib/python3/dist-packages/setuptools/command/install.py:34: SetuptoolsDeprecationWarning: setup.py install is deprecated. Use build and pip and other standards-based tools.
[0.623s]   warnings.warn(
[0.623s] running install_lib
[0.624s] creating /home/rohamzn/Digital-Twin-of-a-Traffic-Scene-Using-RSU-and-AWSIM/install/pcap_to_pointcloud2_publisher_py/lib/python3.10/site-packages/pcap_to_pointcloud2_publisher_py
[0.624s] copying /home/rohamzn/Digital-Twin-of-a-Traffic-Scene-Using-RSU-and-AWSIM/build/pcap_to_pointcloud2_publisher_py/build/lib/pcap_to_pointcloud2_publisher_py/pcap_to_ros_publisher.py -> /home/rohamzn/Digital-Twin-of-a-Traffic-Scene-Using-RSU-and-AWSIM/install/pcap_to_pointcloud2_publisher_py/lib/python3.10/site-packages/pcap_to_pointcloud2_publisher_py
[0.624s] copying /home/rohamzn/Digital-Twin-of-a-Traffic-Scene-Using-RSU-and-AWSIM/build/pcap_to_pointcloud2_publisher_py/build/lib/pcap_to_pointcloud2_publisher_py/__init__.py -> /home/rohamzn/Digital-Twin-of-a-Traffic-Scene-Using-RSU-and-AWSIM/install/pcap_to_pointcloud2_publisher_py/lib/python3.10/site-packages/pcap_to_pointcloud2_publisher_py
[0.624s] byte-compiling /home/rohamzn/Digital-Twin-of-a-Traffic-Scene-Using-RSU-and-AWSIM/install/pcap_to_pointcloud2_publisher_py/lib/python3.10/site-packages/pcap_to_pointcloud2_publisher_py/pcap_to_ros_publisher.py to pcap_to_ros_publisher.cpython-310.pyc
[0.625s] byte-compiling /home/rohamzn/Digital-Twin-of-a-Traffic-Scene-Using-RSU-and-AWSIM/install/pcap_to_pointcloud2_publisher_py/lib/python3.10/site-packages/pcap_to_pointcloud2_publisher_py/__init__.py to __init__.cpython-310.pyc
[0.625s] running install_data
[0.625s] creating /home/rohamzn/Digital-Twin-of-a-Traffic-Scene-Using-RSU-and-AWSIM/install/pcap_to_pointcloud2_publisher_py/share/ament_index
[0.625s] creating /home/rohamzn/Digital-Twin-of-a-Traffic-Scene-Using-RSU-and-AWSIM/install/pcap_to_pointcloud2_publisher_py/share/ament_index/resource_index
[0.625s] creating /home/rohamzn/Digital-Twin-of-a-Traffic-Scene-Using-RSU-and-AWSIM/install/pcap_to_pointcloud2_publisher_py/share/ament_index/resource_index/packages
[0.625s] copying resource/pcap_to_pointcloud2_publisher_py -> /home/rohamzn/Digital-Twin-of-a-Traffic-Scene-Using-RSU-and-AWSIM/install/pcap_to_pointcloud2_publisher_py/share/ament_index/resource_index/packages
[0.625s] copying package.xml -> /home/rohamzn/Digital-Twin-of-a-Traffic-Scene-Using-RSU-and-AWSIM/install/pcap_to_pointcloud2_publisher_py/share/pcap_to_pointcloud2_publisher_py
[0.625s] running install_egg_info
[0.626s] Copying ../../build/pcap_to_pointcloud2_publisher_py/pcap_to_pointcloud2_publisher_py.egg-info to /home/rohamzn/Digital-Twin-of-a-Traffic-Scene-Using-RSU-and-AWSIM/install/pcap_to_pointcloud2_publisher_py/lib/python3.10/site-packages/pcap_to_pointcloud2_publisher_py-0.0.0-py3.10.egg-info
[0.626s] running install_scripts
[0.637s] writing list of installed files to '/home/rohamzn/Digital-Twin-of-a-Traffic-Scene-Using-RSU-and-AWSIM/build/pcap_to_pointcloud2_publisher_py/install.log'
[0.650s] Invoked command in '/home/rohamzn/Digital-Twin-of-a-Traffic-Scene-Using-RSU-and-AWSIM/src/pcap_to_pointcloud2_publisher_py' returned '0': CONDA_PROMPT_MODIFIER=(base) PYTHONPATH=/home/rohamzn/Digital-Twin-of-a-Traffic-Scene-Using-RSU-and-AWSIM/build/pcap_to_pointcloud2_publisher_py/prefix_override:/home/rohamzn/Digital-Twin-of-a-Traffic-Scene-Using-RSU-and-AWSIM/install/pcap_to_pointcloud2_publisher_py/lib/python3.10/site-packages:${PYTHONPATH} /usr/bin/python3 setup.py egg_info --egg-base ../../build/pcap_to_pointcloud2_publisher_py build --build-base /home/rohamzn/Digital-Twin-of-a-Traffic-Scene-Using-RSU-and-AWSIM/build/pcap_to_pointcloud2_publisher_py/build install --record /home/rohamzn/Digital-Twin-of-a-Traffic-Scene-Using-RSU-and-AWSIM/build/pcap_to_pointcloud2_publisher_py/install.log --single-version-externally-managed
